Traceback (most recent call last):
  File "/opt/anaconda3/envs/SLI39/lib/python3.9/site-packages/jupyter_cache/executors/utils.py", line 58, in single_nb_execution
    executenb(
  File "/opt/anaconda3/envs/SLI39/lib/python3.9/site-packages/nbclient/client.py", line 1314, in execute
    return NotebookClient(nb=nb, resources=resources, km=km, **kwargs).execute()
  File "/opt/anaconda3/envs/SLI39/lib/python3.9/site-packages/jupyter_core/utils/__init__.py", line 165, in wrapped
    return loop.run_until_complete(inner)
  File "/opt/anaconda3/envs/SLI39/lib/python3.9/asyncio/base_events.py", line 647, in run_until_complete
    return future.result()
  File "/opt/anaconda3/envs/SLI39/lib/python3.9/site-packages/nbclient/client.py", line 709, in async_execute
    await self.async_execute_cell(
  File "/opt/anaconda3/envs/SLI39/lib/python3.9/site-packages/nbclient/client.py", line 1062, in async_execute_cell
    await self._check_raise_for_error(cell, cell_index, exec_reply)
  File "/opt/anaconda3/envs/SLI39/lib/python3.9/site-packages/nbclient/client.py", line 918, in _check_raise_for_error
    raise CellExecutionError.from_cell_and_msg(cell, exec_reply_content)
nbclient.exceptions.CellExecutionError: An error occurred while executing the following cell:
------------------
fig,ax = model.plot_return_values(alpha=0.95, return_period=np.arange(1.3,500,2),n_samples=1000, plotting_position='weibull')
ax.set_ylim(0.1,0.5)


# add lines for the 2, 5, 10, 50, and 100 year return periods

colors = ['r','g','b','c']
for return_period, color in zip(return_periods, colors):
    ax.axvline(x=return_period, color=color, label=f'{return_period} year return period')
    ax.text(return_period, 0.12, f'{return_period} years', rotation=90, 
            verticalalignment='bottom',backgroundcolor='w',horizontalalignment='center',
            fontsize=10)

fig.set_size_inches(5,3)

------------------


[0;31m---------------------------------------------------------------------------[0m
[0;31mNameError[0m                                 Traceback (most recent call last)
Cell [0;32mIn[10], line 8[0m
[1;32m      5[0m [38;5;66;03m# add lines for the 2, 5, 10, 50, and 100 year return periods[39;00m
[1;32m      7[0m colors [38;5;241m=[39m [[38;5;124m'[39m[38;5;124mr[39m[38;5;124m'[39m,[38;5;124m'[39m[38;5;124mg[39m[38;5;124m'[39m,[38;5;124m'[39m[38;5;124mb[39m[38;5;124m'[39m,[38;5;124m'[39m[38;5;124mc[39m[38;5;124m'[39m]
[0;32m----> 8[0m [38;5;28;01mfor[39;00m return_period, color [38;5;129;01min[39;00m [38;5;28mzip[39m([43mreturn_periods[49m, colors):
[1;32m      9[0m     ax[38;5;241m.[39maxvline(x[38;5;241m=[39mreturn_period, color[38;5;241m=[39mcolor, label[38;5;241m=[39m[38;5;124mf[39m[38;5;124m'[39m[38;5;132;01m{[39;00mreturn_period[38;5;132;01m}[39;00m[38;5;124m year return period[39m[38;5;124m'[39m)
[1;32m     10[0m     ax[38;5;241m.[39mtext(return_period, [38;5;241m0.12[39m, [38;5;124mf[39m[38;5;124m'[39m[38;5;132;01m{[39;00mreturn_period[38;5;132;01m}[39;00m[38;5;124m years[39m[38;5;124m'[39m, rotation[38;5;241m=[39m[38;5;241m90[39m, 
[1;32m     11[0m             verticalalignment[38;5;241m=[39m[38;5;124m'[39m[38;5;124mbottom[39m[38;5;124m'[39m,backgroundcolor[38;5;241m=[39m[38;5;124m'[39m[38;5;124mw[39m[38;5;124m'[39m,horizontalalignment[38;5;241m=[39m[38;5;124m'[39m[38;5;124mcenter[39m[38;5;124m'[39m,
[1;32m     12[0m             fontsize[38;5;241m=[39m[38;5;241m10[39m)

[0;31mNameError[0m: name 'return_periods' is not defined

