Traceback (most recent call last):
  File "/opt/anaconda3/envs/SLI39/lib/python3.9/site-packages/jupyter_cache/executors/utils.py", line 58, in single_nb_execution
    executenb(
  File "/opt/anaconda3/envs/SLI39/lib/python3.9/site-packages/nbclient/client.py", line 1314, in execute
    return NotebookClient(nb=nb, resources=resources, km=km, **kwargs).execute()
  File "/opt/anaconda3/envs/SLI39/lib/python3.9/site-packages/jupyter_core/utils/__init__.py", line 165, in wrapped
    return loop.run_until_complete(inner)
  File "/opt/anaconda3/envs/SLI39/lib/python3.9/asyncio/base_events.py", line 647, in run_until_complete
    return future.result()
  File "/opt/anaconda3/envs/SLI39/lib/python3.9/site-packages/nbclient/client.py", line 709, in async_execute
    await self.async_execute_cell(
  File "/opt/anaconda3/envs/SLI39/lib/python3.9/site-packages/nbclient/client.py", line 1062, in async_execute_cell
    await self._check_raise_for_error(cell, cell_index, exec_reply)
  File "/opt/anaconda3/envs/SLI39/lib/python3.9/site-packages/nbclient/client.py", line 918, in _check_raise_for_error
    raise CellExecutionError.from_cell_and_msg(cell, exec_reply_content)
nbclient.exceptions.CellExecutionError: An error occurred while executing the following cell:
------------------
# plot the monthly_anomalies*100 for centimeters
cmems_cm = cmems_climatology * 100

# convert cmems_cm.month to datetime object
months = pd.to_datetime(cmems_cm.month.values, format='%m').strftime('%b')

# Plot the data with modified titles
mma = cmems_cm.plot(transform=ccrs.PlateCarree(), col='month', col_wrap=3,
                        aspect=cmems_cm.sizes['longitude'] / cmems_cm.sizes['latitude'],
                        subplot_kws={'projection': ccrs.PlateCarree()})

# Add coastlines and land features to each subplot
for i,ax in enumerate(mma.axs.flat):
    ax.coastlines()
    #ax.add_feature(cfeature.LAND, color='black')
    ax.set_title(months[i])
    ax.set_extent([cmems_cm.longitude.min(), cmems_cm.longitude.max(),  cmems_cm.latitude.min(), cmems_cm.latitude.max()]) 

# change the colorbar label
mma.cbar.set_label('Monthly Mean Sea Level Anomaly (cm)')  


glue("mma_asl_fig", fig, display=False)


------------------


[0;31m---------------------------------------------------------------------------[0m
[0;31mNameError[0m                                 Traceback (most recent call last)
Cell [0;32mIn[10], line 23[0m
[1;32m     19[0m [38;5;66;03m# change the colorbar label[39;00m
[1;32m     20[0m mma[38;5;241m.[39mcbar[38;5;241m.[39mset_label([38;5;124m'[39m[38;5;124mMonthly Mean Sea Level Anomaly (cm)[39m[38;5;124m'[39m)  
[0;32m---> 23[0m glue([38;5;124m"[39m[38;5;124mmma_asl_fig[39m[38;5;124m"[39m, [43mfig[49m, display[38;5;241m=[39m[38;5;28;01mFalse[39;00m)

[0;31mNameError[0m: name 'fig' is not defined

